0 0.0
1750 0.0
2500 0.0
3250 0.0
4000 0.0
4750 0.0
5500 0.0
6250 0.0
7000 0.0
7750 0.0
8500 0.0
9250 0.0
10000 0.0
10750 0.0
11500 0.0
12250 0.0
13000 0.0
13750 0.0
14250 0.0
15250 0.0
15750 0.0
16750 0.0
17500 0.0
18250 0.0
19000 0.0
19750 0.0
20500 0.0
21000 0.0
22000 0.0
22750 0.0
23500 0.0
24250 0.0
25000 0.0
25500 25.0
26500 58.0
27250 90.0
28000 121.0
28500 150.0
29500 179.0
30250 206.0
31000 232.0
31750 257.0
32250 280.0
33250 303.0
34000 324.0
34750 344.0
35500 363.0
36250 380.0
37000 396.0
37750 412.0
38500 426.0
39250 438.0
40000 450.0
40500 460.0
41500 469.0
42000 477.0
43000 484.0
43750 489.0
44250 494.0
45250 497.0
46000 499.0
46750 499.0
47500 499.0
48250 497.0
49000 494.0
49750 490.0
50250 485.0
51250 478.0
52000 470.0
52750 461.0
53250 451.0
54250 440.0
55000 427.0
55750 413.0
56250 399.0
57250 382.0
58000 365.0
58500 346.0
59500 327.0
60250 306.0
61000 283.0
61750 260.0
62500 235.0
63000 209.0
63750 182.0
64750 154.0
65500 125.0
66250 94.0
67000 62.0
67500 29.0
68500 0.0
69000 0.0
70000 0.0
70750 0.0
71250 0.0
72250 0.0
72750 0.0
73750 0.0
74250 0.0
75250 0.0
76000 0.0
76750 0.0
77500 0.0
78250 0.0
78750 0.0
79750 0.0
80500 0.0
81250 0.0
82000 0.0
82750 0.0
83500 0.0
84250 0.0
85000 0.0
85750 0.0
86400 0.0
